{"/Users/regiss/Desktop/Microverse/mod2-Kanban/src/Modules/comments/comment-counter.js": {"path":"/Users/regiss/Desktop/Microverse/mod2-Kanban/src/Modules/comments/comment-counter.js","statementMap":{"0":{"start":{"line":1,"column":23},"end":{"line":7,"column":1}},"1":{"start":{"line":2,"column":2},"end":{"line":4,"column":3}},"2":{"start":{"line":3,"column":4},"end":{"line":3,"column":30}},"3":{"start":{"line":6,"column":2},"end":{"line":6,"column":11}}},"fnMap":{"0":{"name":"(anonymous_0)","decl":{"start":{"line":1,"column":23},"end":{"line":1,"column":24}},"loc":{"start":{"line":1,"column":40},"end":{"line":7,"column":1}},"line":1}},"branchMap":{"0":{"loc":{"start":{"line":2,"column":2},"end":{"line":4,"column":3}},"type":"if","locations":[{"start":{"line":2,"column":2},"end":{"line":4,"column":3}},{"start":{},"end":{}}],"line":2}},"s":{"0":1,"1":5,"2":4,"3":1},"f":{"0":5},"b":{"0":[4,1]},"_coverageSchema":"1a1c01bbd47fc00a2c39e90264f33305004495a9","hash":"4e94129aef07d7850382350a4ebd94b8bbcf17aa"}
,"/Users/regiss/Desktop/Microverse/mod2-Kanban/src/Modules/home/car.js": {"path":"/Users/regiss/Desktop/Microverse/mod2-Kanban/src/Modules/home/car.js","statementMap":{"0":{"start":{"line":11,"column":4},"end":{"line":11,"column":21}},"1":{"start":{"line":12,"column":4},"end":{"line":12,"column":17}},"2":{"start":{"line":13,"column":4},"end":{"line":13,"column":33}},"3":{"start":{"line":14,"column":4},"end":{"line":14,"column":21}},"4":{"start":{"line":15,"column":4},"end":{"line":15,"column":23}},"5":{"start":{"line":16,"column":4},"end":{"line":16,"column":23}},"6":{"start":{"line":17,"column":4},"end":{"line":17,"column":25}},"7":{"start":{"line":18,"column":4},"end":{"line":18,"column":22}}},"fnMap":{"0":{"name":"(anonymous_0)","decl":{"start":{"line":2,"column":2},"end":{"line":2,"column":3}},"loc":{"start":{"line":10,"column":4},"end":{"line":19,"column":3}},"line":10}},"branchMap":{},"s":{"0":0,"1":0,"2":0,"3":0,"4":0,"5":0,"6":0,"7":0},"f":{"0":0},"b":{},"_coverageSchema":"1a1c01bbd47fc00a2c39e90264f33305004495a9","hash":"c3eeb56eb3e2d2ea890dca82cabb689cc052df20"}
,"/Users/regiss/Desktop/Microverse/mod2-Kanban/src/Modules/home/cars-api.js": {"path":"/Users/regiss/Desktop/Microverse/mod2-Kanban/src/Modules/home/cars-api.js","statementMap":{"0":{"start":{"line":8,"column":4},"end":{"line":8,"column":28}},"1":{"start":{"line":9,"column":4},"end":{"line":9,"column":40}},"2":{"start":{"line":10,"column":4},"end":{"line":10,"column":33}},"3":{"start":{"line":11,"column":4},"end":{"line":11,"column":80}},"4":{"start":{"line":11,"column":56},"end":{"line":11,"column":78}},"5":{"start":{"line":14,"column":19},"end":{"line":14,"column":41}},"6":{"start":{"line":14,"column":25},"end":{"line":14,"column":41}},"7":{"start":{"line":16,"column":16},"end":{"line":23,"column":3}},"8":{"start":{"line":17,"column":20},"end":{"line":17,"column":22}},"9":{"start":{"line":18,"column":4},"end":{"line":21,"column":7}},"10":{"start":{"line":19,"column":17},"end":{"line":19,"column":28}},"11":{"start":{"line":20,"column":6},"end":{"line":20,"column":24}},"12":{"start":{"line":22,"column":4},"end":{"line":22,"column":19}},"13":{"start":{"line":25,"column":25},"end":{"line":25,"column":64}},"14":{"start":{"line":25,"column":33},"end":{"line":25,"column":64}},"15":{"start":{"line":27,"column":16},"end":{"line":37,"column":4}},"16":{"start":{"line":27,"column":26},"end":{"line":37,"column":4}},"17":{"start":{"line":28,"column":16},"end":{"line":28,"column":25}},"18":{"start":{"line":29,"column":4},"end":{"line":29,"column":24}},"19":{"start":{"line":30,"column":4},"end":{"line":30,"column":20}},"20":{"start":{"line":31,"column":4},"end":{"line":31,"column":36}},"21":{"start":{"line":32,"column":4},"end":{"line":32,"column":24}},"22":{"start":{"line":33,"column":4},"end":{"line":33,"column":26}},"23":{"start":{"line":34,"column":4},"end":{"line":34,"column":26}},"24":{"start":{"line":35,"column":4},"end":{"line":35,"column":29}},"25":{"start":{"line":36,"column":4},"end":{"line":36,"column":15}},"26":{"start":{"line":39,"column":15},"end":{"line":50,"column":3}},"27":{"start":{"line":40,"column":21},"end":{"line":45,"column":6}},"28":{"start":{"line":46,"column":15},"end":{"line":46,"column":36}},"29":{"start":{"line":47,"column":4},"end":{"line":47,"column":66}},"30":{"start":{"line":47,"column":32},"end":{"line":47,"column":64}},"31":{"start":{"line":48,"column":4},"end":{"line":48,"column":40}},"32":{"start":{"line":49,"column":4},"end":{"line":49,"column":16}}},"fnMap":{"0":{"name":"(anonymous_0)","decl":{"start":{"line":5,"column":2},"end":{"line":5,"column":3}},"loc":{"start":{"line":7,"column":4},"end":{"line":12,"column":3}},"line":7},"1":{"name":"(anonymous_1)","decl":{"start":{"line":11,"column":46},"end":{"line":11,"column":47}},"loc":{"start":{"line":11,"column":56},"end":{"line":11,"column":78}},"line":11},"2":{"name":"(anonymous_2)","decl":{"start":{"line":14,"column":19},"end":{"line":14,"column":20}},"loc":{"start":{"line":14,"column":25},"end":{"line":14,"column":41}},"line":14},"3":{"name":"(anonymous_3)","decl":{"start":{"line":16,"column":16},"end":{"line":16,"column":17}},"loc":{"start":{"line":16,"column":26},"end":{"line":23,"column":3}},"line":16},"4":{"name":"(anonymous_4)","decl":{"start":{"line":18,"column":17},"end":{"line":18,"column":18}},"loc":{"start":{"line":18,"column":26},"end":{"line":21,"column":5}},"line":18},"5":{"name":"(anonymous_5)","decl":{"start":{"line":25,"column":25},"end":{"line":25,"column":26}},"loc":{"start":{"line":25,"column":33},"end":{"line":25,"column":64}},"line":25},"6":{"name":"(anonymous_6)","decl":{"start":{"line":27,"column":16},"end":{"line":27,"column":17}},"loc":{"start":{"line":27,"column":26},"end":{"line":37,"column":4}},"line":27},"7":{"name":"(anonymous_7)","decl":{"start":{"line":27,"column":35},"end":{"line":27,"column":36}},"loc":{"start":{"line":27,"column":44},"end":{"line":37,"column":3}},"line":27},"8":{"name":"(anonymous_8)","decl":{"start":{"line":39,"column":15},"end":{"line":39,"column":16}},"loc":{"start":{"line":39,"column":53},"end":{"line":50,"column":3}},"line":39},"9":{"name":"(anonymous_9)","decl":{"start":{"line":47,"column":23},"end":{"line":47,"column":24}},"loc":{"start":{"line":47,"column":32},"end":{"line":47,"column":64}},"line":47}},"branchMap":{"0":{"loc":{"start":{"line":6,"column":4},"end":{"line":6,"column":69}},"type":"default-arg","locations":[{"start":{"line":6,"column":10},"end":{"line":6,"column":69}}],"line":6},"1":{"loc":{"start":{"line":39,"column":22},"end":{"line":39,"column":48}},"type":"default-arg","locations":[{"start":{"line":39,"column":28},"end":{"line":39,"column":48}}],"line":39}},"s":{"0":0,"1":0,"2":0,"3":0,"4":0,"5":0,"6":0,"7":0,"8":0,"9":0,"10":0,"11":0,"12":0,"13":0,"14":0,"15":0,"16":0,"17":0,"18":0,"19":0,"20":0,"21":0,"22":0,"23":0,"24":0,"25":0,"26":0,"27":0,"28":0,"29":0,"30":0,"31":0,"32":0},"f":{"0":0,"1":0,"2":0,"3":0,"4":0,"5":0,"6":0,"7":0,"8":0,"9":0},"b":{"0":[0],"1":[0]},"_coverageSchema":"1a1c01bbd47fc00a2c39e90264f33305004495a9","hash":"b27336c0a775c4268a027935c1a2abfe6f498ffd"}
,"/Users/regiss/Desktop/Microverse/mod2-Kanban/src/Modules/home/home-app.js": {"path":"/Users/regiss/Desktop/Microverse/mod2-Kanban/src/Modules/home/home-app.js","statementMap":{"0":{"start":{"line":11,"column":4},"end":{"line":11,"column":33}},"1":{"start":{"line":14,"column":4},"end":{"line":14,"column":47}},"2":{"start":{"line":16,"column":4},"end":{"line":16,"column":47}},"3":{"start":{"line":19,"column":15},"end":{"line":19,"column":78}},"4":{"start":{"line":19,"column":21},"end":{"line":19,"column":78}},"5":{"start":{"line":19,"column":58},"end":{"line":19,"column":77}},"6":{"start":{"line":21,"column":15},"end":{"line":24,"column":4}},"7":{"start":{"line":21,"column":21},"end":{"line":24,"column":4}},"8":{"start":{"line":22,"column":4},"end":{"line":22,"column":28}},"9":{"start":{"line":23,"column":4},"end":{"line":23,"column":16}},"10":{"start":{"line":26,"column":21},"end":{"line":32,"column":4}},"11":{"start":{"line":26,"column":33},"end":{"line":32,"column":4}},"12":{"start":{"line":27,"column":26},"end":{"line":27,"column":47}},"13":{"start":{"line":29,"column":4},"end":{"line":29,"column":37}},"14":{"start":{"line":31,"column":4},"end":{"line":31,"column":16}},"15":{"start":{"line":34,"column":15},"end":{"line":36,"column":3}},"16":{"start":{"line":35,"column":4},"end":{"line":35,"column":29}},"17":{"start":{"line":38,"column":22},"end":{"line":38,"column":81}},"18":{"start":{"line":38,"column":31},"end":{"line":38,"column":81}},"19":{"start":{"line":40,"column":17},"end":{"line":50,"column":3}},"20":{"start":{"line":41,"column":4},"end":{"line":41,"column":22}},"21":{"start":{"line":42,"column":24},"end":{"line":48,"column":5}},"22":{"start":{"line":44,"column":27},"end":{"line":44,"column":54}},"23":{"start":{"line":45,"column":8},"end":{"line":45,"column":43}},"24":{"start":{"line":49,"column":4},"end":{"line":49,"column":38}},"25":{"start":{"line":52,"column":16},"end":{"line":69,"column":3}},"26":{"start":{"line":53,"column":4},"end":{"line":68,"column":5}},"27":{"start":{"line":54,"column":26},"end":{"line":54,"column":41}},"28":{"start":{"line":55,"column":25},"end":{"line":55,"column":71}},"29":{"start":{"line":56,"column":21},"end":{"line":56,"column":65}},"30":{"start":{"line":57,"column":19},"end":{"line":57,"column":21}},"31":{"start":{"line":58,"column":6},"end":{"line":58,"column":32}},"32":{"start":{"line":60,"column":6},"end":{"line":67,"column":7}},"33":{"start":{"line":61,"column":8},"end":{"line":61,"column":44}},"34":{"start":{"line":62,"column":8},"end":{"line":62,"column":61}},"35":{"start":{"line":64,"column":8},"end":{"line":64,"column":42}},"36":{"start":{"line":65,"column":8},"end":{"line":65,"column":61}},"37":{"start":{"line":66,"column":8},"end":{"line":66,"column":47}},"38":{"start":{"line":71,"column":17},"end":{"line":87,"column":3}},"39":{"start":{"line":72,"column":4},"end":{"line":86,"column":7}},"40":{"start":{"line":73,"column":28},"end":{"line":73,"column":63}},"41":{"start":{"line":74,"column":6},"end":{"line":85,"column":9}},"42":{"start":{"line":75,"column":23},"end":{"line":75,"column":71}},"43":{"start":{"line":76,"column":28},"end":{"line":78,"column":9}},"44":{"start":{"line":77,"column":17},"end":{"line":77,"column":49}},"45":{"start":{"line":79,"column":8},"end":{"line":83,"column":9}},"46":{"start":{"line":80,"column":10},"end":{"line":80,"column":28}},"47":{"start":{"line":82,"column":10},"end":{"line":82,"column":46}},"48":{"start":{"line":84,"column":8},"end":{"line":84,"column":41}},"49":{"start":{"line":90,"column":31},"end":{"line":93,"column":1}},"50":{"start":{"line":91,"column":15},"end":{"line":91,"column":45}},"51":{"start":{"line":92,"column":2},"end":{"line":92,"column":32}}},"fnMap":{"0":{"name":"(anonymous_0)","decl":{"start":{"line":10,"column":2},"end":{"line":10,"column":3}},"loc":{"start":{"line":10,"column":16},"end":{"line":17,"column":3}},"line":10},"1":{"name":"(anonymous_1)","decl":{"start":{"line":19,"column":15},"end":{"line":19,"column":16}},"loc":{"start":{"line":19,"column":21},"end":{"line":19,"column":78}},"line":19},"2":{"name":"(anonymous_2)","decl":{"start":{"line":19,"column":52},"end":{"line":19,"column":53}},"loc":{"start":{"line":19,"column":58},"end":{"line":19,"column":77}},"line":19},"3":{"name":"(anonymous_3)","decl":{"start":{"line":21,"column":15},"end":{"line":21,"column":16}},"loc":{"start":{"line":21,"column":21},"end":{"line":24,"column":4}},"line":21},"4":{"name":"(anonymous_4)","decl":{"start":{"line":21,"column":52},"end":{"line":21,"column":53}},"loc":{"start":{"line":21,"column":62},"end":{"line":24,"column":3}},"line":21},"5":{"name":"(anonymous_5)","decl":{"start":{"line":26,"column":21},"end":{"line":26,"column":22}},"loc":{"start":{"line":26,"column":33},"end":{"line":32,"column":4}},"line":26},"6":{"name":"(anonymous_6)","decl":{"start":{"line":26,"column":64},"end":{"line":26,"column":65}},"loc":{"start":{"line":26,"column":74},"end":{"line":32,"column":3}},"line":26},"7":{"name":"(anonymous_7)","decl":{"start":{"line":34,"column":15},"end":{"line":34,"column":16}},"loc":{"start":{"line":34,"column":21},"end":{"line":36,"column":3}},"line":34},"8":{"name":"(anonymous_8)","decl":{"start":{"line":38,"column":22},"end":{"line":38,"column":23}},"loc":{"start":{"line":38,"column":31},"end":{"line":38,"column":81}},"line":38},"9":{"name":"(anonymous_9)","decl":{"start":{"line":40,"column":17},"end":{"line":40,"column":18}},"loc":{"start":{"line":40,"column":36},"end":{"line":50,"column":3}},"line":40},"10":{"name":"(anonymous_10)","decl":{"start":{"line":43,"column":6},"end":{"line":43,"column":7}},"loc":{"start":{"line":43,"column":24},"end":{"line":46,"column":7}},"line":43},"11":{"name":"(anonymous_11)","decl":{"start":{"line":52,"column":16},"end":{"line":52,"column":17}},"loc":{"start":{"line":52,"column":23},"end":{"line":69,"column":3}},"line":52},"12":{"name":"(anonymous_12)","decl":{"start":{"line":71,"column":17},"end":{"line":71,"column":18}},"loc":{"start":{"line":71,"column":23},"end":{"line":87,"column":3}},"line":71},"13":{"name":"(anonymous_13)","decl":{"start":{"line":72,"column":44},"end":{"line":72,"column":45}},"loc":{"start":{"line":72,"column":54},"end":{"line":86,"column":5}},"line":72},"14":{"name":"(anonymous_14)","decl":{"start":{"line":74,"column":28},"end":{"line":74,"column":29}},"loc":{"start":{"line":74,"column":38},"end":{"line":85,"column":7}},"line":74},"15":{"name":"(anonymous_15)","decl":{"start":{"line":77,"column":10},"end":{"line":77,"column":11}},"loc":{"start":{"line":77,"column":17},"end":{"line":77,"column":49}},"line":77},"16":{"name":"(anonymous_16)","decl":{"start":{"line":90,"column":31},"end":{"line":90,"column":32}},"loc":{"start":{"line":90,"column":37},"end":{"line":93,"column":1}},"line":90}},"branchMap":{"0":{"loc":{"start":{"line":53,"column":4},"end":{"line":68,"column":5}},"type":"if","locations":[{"start":{"line":53,"column":4},"end":{"line":68,"column":5}},{"start":{},"end":{}}],"line":53},"1":{"loc":{"start":{"line":60,"column":6},"end":{"line":67,"column":7}},"type":"if","locations":[{"start":{"line":60,"column":6},"end":{"line":67,"column":7}},{"start":{"line":63,"column":13},"end":{"line":67,"column":7}}],"line":60},"2":{"loc":{"start":{"line":79,"column":8},"end":{"line":83,"column":9}},"type":"if","locations":[{"start":{"line":79,"column":8},"end":{"line":83,"column":9}},{"start":{"line":81,"column":15},"end":{"line":83,"column":9}}],"line":79}},"s":{"0":0,"1":0,"2":0,"3":0,"4":0,"5":0,"6":0,"7":0,"8":0,"9":0,"10":0,"11":0,"12":0,"13":0,"14":0,"15":0,"16":0,"17":0,"18":0,"19":0,"20":0,"21":0,"22":0,"23":0,"24":0,"25":0,"26":0,"27":0,"28":0,"29":0,"30":0,"31":0,"32":0,"33":0,"34":0,"35":0,"36":0,"37":0,"38":0,"39":0,"40":0,"41":0,"42":0,"43":0,"44":0,"45":0,"46":0,"47":0,"48":0,"49":1,"50":5,"51":5},"f":{"0":0,"1":0,"2":0,"3":0,"4":0,"5":0,"6":0,"7":0,"8":0,"9":0,"10":0,"11":0,"12":0,"13":0,"14":0,"15":0,"16":5},"b":{"0":[0,0],"1":[0,0],"2":[0,0]},"_coverageSchema":"1a1c01bbd47fc00a2c39e90264f33305004495a9","hash":"988b778d44732a93287bce8169ef5bcb0e21d5a7"}
,"/Users/regiss/Desktop/Microverse/mod2-Kanban/src/Modules/home/home-utils.js": {"path":"/Users/regiss/Desktop/Microverse/mod2-Kanban/src/Modules/home/home-utils.js","statementMap":{"0":{"start":{"line":1,"column":25},"end":{"line":1,"column":45}},"1":{"start":{"line":2,"column":27},"end":{"line":2,"column":47}},"2":{"start":{"line":3,"column":25},"end":{"line":32,"column":11}},"3":{"start":{"line":9,"column":5},"end":{"line":32,"column":11}},"4":{"start":{"line":34,"column":26},"end":{"line":41,"column":1}},"5":{"start":{"line":35,"column":15},"end":{"line":35,"column":35}},"6":{"start":{"line":37,"column":2},"end":{"line":37,"column":37}},"7":{"start":{"line":38,"column":2},"end":{"line":38,"column":14}},"8":{"start":{"line":40,"column":2},"end":{"line":40,"column":37}},"9":{"start":{"line":43,"column":26},"end":{"line":62,"column":1}}},"fnMap":{"0":{"name":"(anonymous_0)","decl":{"start":{"line":3,"column":25},"end":{"line":3,"column":26}},"loc":{"start":{"line":9,"column":5},"end":{"line":32,"column":11}},"line":9},"1":{"name":"(anonymous_1)","decl":{"start":{"line":34,"column":26},"end":{"line":34,"column":27}},"loc":{"start":{"line":34,"column":40},"end":{"line":41,"column":1}},"line":34}},"branchMap":{"0":{"loc":{"start":{"line":8,"column":2},"end":{"line":8,"column":11}},"type":"default-arg","locations":[{"start":{"line":8,"column":10},"end":{"line":8,"column":11}}],"line":8}},"s":{"0":1,"1":1,"2":1,"3":0,"4":1,"5":0,"6":0,"7":0,"8":0,"9":1},"f":{"0":0,"1":0},"b":{"0":[0]},"_coverageSchema":"1a1c01bbd47fc00a2c39e90264f33305004495a9","hash":"93e5d88136eff20b60f343a466c8666086d6976a"}
,"/Users/regiss/Desktop/Microverse/mod2-Kanban/src/Modules/home/involvement-api.js": {"path":"/Users/regiss/Desktop/Microverse/mod2-Kanban/src/Modules/home/involvement-api.js","statementMap":{"0":{"start":{"line":5,"column":4},"end":{"line":5,"column":44}},"1":{"start":{"line":6,"column":4},"end":{"line":6,"column":28}},"2":{"start":{"line":7,"column":4},"end":{"line":7,"column":57}},"3":{"start":{"line":8,"column":4},"end":{"line":8,"column":38}},"4":{"start":{"line":11,"column":19},"end":{"line":11,"column":39}},"5":{"start":{"line":11,"column":25},"end":{"line":11,"column":39}},"6":{"start":{"line":13,"column":19},"end":{"line":17,"column":5}},"7":{"start":{"line":14,"column":6},"end":{"line":14,"column":56}},"8":{"start":{"line":15,"column":6},"end":{"line":15,"column":46}},"9":{"start":{"line":16,"column":6},"end":{"line":16,"column":28}},"10":{"start":{"line":19,"column":16},"end":{"line":28,"column":5}},"11":{"start":{"line":20,"column":23},"end":{"line":25,"column":8}},"12":{"start":{"line":27,"column":6},"end":{"line":27,"column":29}},"13":{"start":{"line":30,"column":15},"end":{"line":38,"column":5}},"14":{"start":{"line":31,"column":6},"end":{"line":37,"column":9}}},"fnMap":{"0":{"name":"(anonymous_0)","decl":{"start":{"line":2,"column":2},"end":{"line":2,"column":3}},"loc":{"start":{"line":4,"column":4},"end":{"line":9,"column":3}},"line":4},"1":{"name":"(anonymous_1)","decl":{"start":{"line":11,"column":19},"end":{"line":11,"column":20}},"loc":{"start":{"line":11,"column":25},"end":{"line":11,"column":39}},"line":11},"2":{"name":"(anonymous_2)","decl":{"start":{"line":13,"column":19},"end":{"line":13,"column":20}},"loc":{"start":{"line":13,"column":39},"end":{"line":17,"column":5}},"line":13},"3":{"name":"(anonymous_3)","decl":{"start":{"line":19,"column":16},"end":{"line":19,"column":17}},"loc":{"start":{"line":19,"column":52},"end":{"line":28,"column":5}},"line":19},"4":{"name":"(anonymous_4)","decl":{"start":{"line":30,"column":15},"end":{"line":30,"column":16}},"loc":{"start":{"line":30,"column":61},"end":{"line":38,"column":5}},"line":30}},"branchMap":{"0":{"loc":{"start":{"line":3,"column":4},"end":{"line":3,"column":84}},"type":"default-arg","locations":[{"start":{"line":3,"column":10},"end":{"line":3,"column":84}}],"line":3},"1":{"loc":{"start":{"line":19,"column":23},"end":{"line":19,"column":47}},"type":"default-arg","locations":[{"start":{"line":19,"column":29},"end":{"line":19,"column":47}}],"line":19},"2":{"loc":{"start":{"line":30,"column":22},"end":{"line":30,"column":46}},"type":"default-arg","locations":[{"start":{"line":30,"column":28},"end":{"line":30,"column":46}}],"line":30}},"s":{"0":0,"1":0,"2":0,"3":0,"4":0,"5":0,"6":0,"7":0,"8":0,"9":0,"10":0,"11":0,"12":0,"13":0,"14":0},"f":{"0":0,"1":0,"2":0,"3":0,"4":0},"b":{"0":[0],"1":[0],"2":[0]},"_coverageSchema":"1a1c01bbd47fc00a2c39e90264f33305004495a9","hash":"a64f3e08508c20a19297675f482a3e282a6af604"}
}
